java.lang.RuntimeException: org.classdump.luna.exec.CallException: org.classdump.luna.runtime.IllegalOperationAttemptException: scripts\.\data\npcs\unsorted\876_Atapé_Ganymede_q188.lua:13: attempt to call a nil value
	at org.starloco.locos.script.ScriptVM.call(ScriptVM.java:97)
	at org.starloco.locos.entity.npc.NpcTemplate.onDialog(NpcTemplate.java:140)
	at org.starloco.locos.entity.npc.NpcTemplate.onCreateDialog(NpcTemplate.java:131)
	at org.starloco.locos.entity.npc.Npc.onCreateDialog(Npc.java:53)
	at org.starloco.locos.game.GameClient.npcCreateDialog(GameClient.java:1329)
	at org.starloco.locos.game.GameClient.parseDialogPacket(GameClient.java:1290)
	at org.starloco.locos.game.GameClient.parsePacket(GameClient.java:174)
	at org.starloco.locos.game.GameHandler.messageReceived(GameHandler.java:46)
	at org.apache.mina.core.filterchain.DefaultIoFilterChain$TailFilter.messageReceived(DefaultIoFilterChain.java:854)
	at org.apache.mina.core.filterchain.DefaultIoFilterChain.callNextMessageReceived(DefaultIoFilterChain.java:542)
	at org.apache.mina.core.filterchain.DefaultIoFilterChain.access$1300(DefaultIoFilterChain.java:48)
	at org.apache.mina.core.filterchain.DefaultIoFilterChain$EntryImpl$1.messageReceived(DefaultIoFilterChain.java:943)
	at org.apache.mina.filter.codec.ProtocolCodecFilter$ProtocolDecoderOutputImpl.flush(ProtocolCodecFilter.java:405)
	at org.apache.mina.filter.codec.ProtocolCodecFilter.messageReceived(ProtocolCodecFilter.java:235)
	at org.apache.mina.core.filterchain.DefaultIoFilterChain.callNextMessageReceived(DefaultIoFilterChain.java:542)
	at org.apache.mina.core.filterchain.DefaultIoFilterChain.access$1300(DefaultIoFilterChain.java:48)
	at org.apache.mina.core.filterchain.DefaultIoFilterChain$EntryImpl$1.messageReceived(DefaultIoFilterChain.java:943)
	at org.apache.mina.core.filterchain.IoFilterAdapter.messageReceived(IoFilterAdapter.java:109)
	at org.apache.mina.core.filterchain.DefaultIoFilterChain.callNextMessageReceived(DefaultIoFilterChain.java:542)
	at org.apache.mina.core.filterchain.DefaultIoFilterChain.fireMessageReceived(DefaultIoFilterChain.java:535)
	at org.apache.mina.core.polling.AbstractPollingIoProcessor.read(AbstractPollingIoProcessor.java:714)
	at org.apache.mina.core.polling.AbstractPollingIoProcessor.process(AbstractPollingIoProcessor.java:668)
	at org.apache.mina.core.polling.AbstractPollingIoProcessor.process(AbstractPollingIoProcessor.java:657)
	at org.apache.mina.core.polling.AbstractPollingIoProcessor.access$600(AbstractPollingIoProcessor.java:67)
	at org.apache.mina.core.polling.AbstractPollingIoProcessor$Processor.run(AbstractPollingIoProcessor.java:1121)
	at org.apache.mina.util.NamePreservingRunnable.run(NamePreservingRunnable.java:64)
	at java.base/java.util.concurrent.ThreadPoolExecutor.runWorker(ThreadPoolExecutor.java:1136)
	at java.base/java.util.concurrent.ThreadPoolExecutor$Worker.run(ThreadPoolExecutor.java:635)
	at java.base/java.lang.Thread.run(Thread.java:833)
Caused by: org.classdump.luna.exec.CallException: org.classdump.luna.runtime.IllegalOperationAttemptException: scripts\.\data\npcs\unsorted\876_Atapé_Ganymede_q188.lua:13: attempt to call a nil value
	at org.classdump.luna.exec.DirectCallExecutor$Result.get(DirectCallExecutor.java:351)
	at org.classdump.luna.exec.DirectCallExecutor.execute(DirectCallExecutor.java:140)
	at org.classdump.luna.exec.DirectCallExecutor.resume(DirectCallExecutor.java:262)
	at org.classdump.luna.exec.DirectCallExecutor.call(DirectCallExecutor.java:239)
	at org.starloco.locos.script.ScriptVM.call(ScriptVM.java:95)
	... 28 more
Caused by: org.classdump.luna.runtime.IllegalOperationAttemptException: scripts\.\data\npcs\unsorted\876_Atapé_Ganymede_q188.lua:13: attempt to call a nil value
	at org.classdump.luna.runtime.Errors.illegalCallAttempt(Errors.java:64)
	at org.classdump.luna.runtime.Dispatch.callTarget(Dispatch.java:53)
	at org.classdump.luna.runtime.Dispatch.mt_invoke(Dispatch.java:82)
	at org.classdump.luna.runtime.Dispatch.evaluateTailCalls(Dispatch.java:162)
	at org.classdump.luna.runtime.Dispatch.call(Dispatch.java:276)
	at luna_dynamic.Data176$0.run(scripts\.\data\npcs\unsorted\876_Atapé_Ganymede_q188.lua:13)
	at luna_dynamic.Data176$0.invoke(scripts\.\data\npcs\unsorted\876_Atapé_Ganymede_q188.lua)
	at org.classdump.luna.runtime.AbstractFunction3.invoke(AbstractFunction3.java:68)
	at org.classdump.luna.runtime.Dispatch.mt_invoke(Dispatch.java:128)
	at org.classdump.luna.runtime.Dispatch.call(Dispatch.java:436)
	at org.classdump.luna.runtime.Coroutine$BootstrapResumable.resume(Coroutine.java:159)
	at org.classdump.luna.runtime.ResumeInfo.resume(ResumeInfo.java:35)
	at org.classdump.luna.runtime.Call$Resumer.continueCurrentCoroutine(Call.java:504)
	at org.classdump.luna.runtime.Call$Resumer.resume(Call.java:526)
	at org.classdump.luna.runtime.Call.resume(Call.java:160)
	at org.classdump.luna.runtime.Call.access$500(Call.java:36)
	at org.classdump.luna.runtime.Call$CallContinuation.resume(Call.java:319)
	at org.classdump.luna.exec.DirectCallExecutor.execute(DirectCallExecutor.java:121)
	... 31 more
org.apache.mina.core.write.WriteToClosedSessionException
	at org.apache.mina.core.polling.AbstractPollingIoProcessor.clearWriteRequestQueue(AbstractPollingIoProcessor.java:642)
	at org.apache.mina.core.polling.AbstractPollingIoProcessor.removeNow(AbstractPollingIoProcessor.java:594)
	at org.apache.mina.core.polling.AbstractPollingIoProcessor.removeSessions(AbstractPollingIoProcessor.java:564)
	at org.apache.mina.core.polling.AbstractPollingIoProcessor.access$800(AbstractPollingIoProcessor.java:67)
	at org.apache.mina.core.polling.AbstractPollingIoProcessor$Processor.run(AbstractPollingIoProcessor.java:1129)
	at org.apache.mina.util.NamePreservingRunnable.run(NamePreservingRunnable.java:64)
	at java.base/java.util.concurrent.ThreadPoolExecutor.runWorker(ThreadPoolExecutor.java:1136)
	at java.base/java.util.concurrent.ThreadPoolExecutor$Worker.run(ThreadPoolExecutor.java:635)
	at java.base/java.lang.Thread.run(Thread.java:833)
